
 CHEMKIN INTERPRETER OUTPUT: CHEMKIN-II Version 3.9  Aug. 1994
                              DOUBLE PRECISION

                          --------------------
                          ELEMENTS     ATOMIC
                          CONSIDERED   WEIGHT
                          --------------------
                           1. O       15.9994    
                           2. H       1.00797    
                           3. C       12.0112    
                           4. N       14.0067    
                           5. AR      39.9480    
                          --------------------
 -------------------------------------------------------------------------------
                          C
                       P  H
                       H  A
                       A  R
 SPECIES               S  G  MOLECULAR  TEMPERATURE  ELEMENT COUNT
 CONSIDERED            E  E  WEIGHT     LOW    HIGH  O  H  C  N  AR 
 -------------------------------------------------------------------------------
   1. N2               G  0   28.01340   300   5000   0  0  0  2  0
   2. AR               G  0   39.94800   300   5000   0  0  0  0  1
   3. H                G  0    1.00797   200   3500   0  1  0  0  0
   4. O                G  0   15.99940   200   3500   1  0  0  0  0
   5. OH               G  0   17.00737   200   6000   1  1  0  0  0
   6. HO2              G  0   33.00677   200   3500   2  1  0  0  0
   7. H2               G  0    2.01594   200   3500   0  2  0  0  0
   8. H2O              G  0   18.01534   200   3500   1  2  0  0  0
   9. H2O2             G  0   34.01474   200   3500   2  2  0  0  0
  10. O2               G  0   31.99880   200   3500   2  0  0  0  0
  11. CH2              G  0   14.02709   200   3500   0  2  1  0  0
  12. CH2*             G  0   14.02709   200   3500   0  2  1  0  0
  13. CH3              G  0   15.03506   200   3500   0  3  1  0  0
  14. CH4              G  0   16.04303   200   3500   0  4  1  0  0
  15. HCO              G  0   29.01852   200   3500   1  1  1  0  0
  16. CH2O             G  0   30.02649   200   3500   1  2  1  0  0
  17. CH3O             G  0   31.03446   200   6000   1  3  1  0  0
  18. CO               G  0   28.01055   200   3500   1  0  1  0  0
  19. CO2              G  0   44.00995   200   3500   2  0  1  0  0
  20. C2H2             G  0   26.03824   200   3500   0  2  2  0  0
  21. C2H3             G  0   27.04621   200   3500   0  3  2  0  0
  22. C2H4             G  0   28.05418   200   3500   0  4  2  0  0
  23. C2H5             G  0   29.06215   200   3500   0  5  2  0  0
  24. C2H6             G  0   30.07012   200   3500   0  6  2  0  0
  25. CH2CHO           G  0   43.04561   300   5000   1  3  2  0  0
  26. aC3H5            G  0   41.07330   300   3000   0  5  3  0  0
  27. C3H6             G  0   42.08127   300   5000   0  6  3  0  0
  28. nC3H7            G  0   43.08924   300   3000   0  7  3  0  0
  29. C2H3CHO          G  0   56.06473   300   5000   1  4  3  0  0
  30. C4H7             G  0   55.10039   300   5000   0  7  4  0  0
  31. C4H81            G  0   56.10836   300   5000   0  8  4  0  0
  32. pC4H9            G  0   57.11633   300   5000   0  9  4  0  0
  33. C5H9             G  0   69.12748   300   5000   0  9  5  0  0
  34. C5H10            G  0   70.13545   300   5000   0 10  5  0  0
  35. PXC5H11          G  0   71.14342   300   5000   0 11  5  0  0
  36. C6H12            G  0   84.16254   300   5000   0 12  6  0  0
  37. PXC6H13          G  0   85.17051   300   5000   0 13  6  0  0
  38. C7H14            G  0   98.18963   300   5000   0 14  7  0  0
  39. PXC7H15          G  0   99.19760   300   5000   0 15  7  0  0
  40. C8H16            G  0  112.21672   300   5000   0 16  8  0  0
  41. PXC8H17          G  0  113.22469   300   5000   0 17  8  0  0
  42. C9H18            G  0  126.24381   300   5000   0 18  9  0  0
  43. PXC9H19          G  0  127.25178   300   5000   0 19  9  0  0
  44. C10H20           G  0  140.27090   300   5000   0 20 10  0  0
  45. PXC10H21         G  0  141.27887   300   5000   0 21 10  0  0
  46. NC12H26          G  0  170.34102   300   5000   0 26 12  0  0
  47. PXC12H25         G  0  169.33305   300   5000   0 25 12  0  0
  48. SXC12H25         G  0  169.33305   300   5000   0 25 12  0  0
  49. S3XC12H25        G  0  169.33305   300   5000   0 25 12  0  0
  50. C12H24           G  0  168.32508   300   5000   0 24 12  0  0
  51. C12H25O2         G  0  201.33185   300   5000   2 25 12  0  0
  52. C12OOH           G  0  201.33185   300   5000   2 25 12  0  0
  53. O2C12H24OOH      G  0  233.33065   300   5000   4 25 12  0  0
  54. OC12H23OOH       G  0  216.32328   300   5000   3 24 12  0  0
 -------------------------------------------------------------------------------



                                                      (k = A T**b exp(-E/RT))
      REACTIONS CONSIDERED                              A        b        E

   1. H+O2<=>OH+O                                   9.76E+13    0.0    14842.3
   2. O+H2<=>H+OH                                   4.59E+04    2.7     6260.0
   3. OH+H2<=>H2O+H                                 1.02E+08    1.6     3298.3
   4. OH+OH<=>O+H2O                                 3.97E+04    2.4    -2110.0
   5. H+O2(+M)<=>HO2(+M)                            5.12E+12    0.4        0.0
      Low pressure limit:  0.63280E+20 -0.14000E+01  0.00000E+00
      TROE centering:      0.50000E+00  0.10000E-29  0.10000E+31
         O2               Enhanced by    8.500E-01
         H2O              Enhanced by    1.189E+01
         CO               Enhanced by    1.090E+00
         CO2              Enhanced by    2.180E+00
         AR               Enhanced by    4.000E-01
   6. HO2+H<=>OH+OH                                 7.48E+13    0.0      295.0
   7. H2+O2<=>HO2+H                                 5.92E+05    2.4    53502.0
   8. HO2+OH<=>H2O+O2                               2.89E+13    0.0     -501.9
   9. HO2+H<=>O+H2O                                 3.97E+12    0.0      671.0
  10. HO2+O<=>OH+O2                                 4.00E+13    0.0        0.0
  11. HO2+HO2<=>O2+H2O2                             1.30E+11    0.0    -1630.0
      Declared duplicate reaction...
  12. HO2+HO2<=>O2+H2O2                             3.66E+14    0.0    12000.0
      Declared duplicate reaction...
  13. H2O2+H<=>OH+H2O                               2.41E+13    0.0     3970.0
  14. H2O2+H<=>HO2+H2                               6.05E+06    2.0     5200.0
  15. H2O2+O<=>OH+HO2                               9.63E+06    2.0     3970.0
  16. H2O2+OH<=>HO2+H2O                             2.00E+12    0.0      427.0
      Declared duplicate reaction...
  17. H2O2+OH<=>HO2+H2O                             2.67E+41   -7.0    37600.0
      Declared duplicate reaction...
  18. OH+OH(+M)<=>H2O2(+M)                          1.11E+14   -0.4        0.0
      Low pressure limit:  0.20100E+18 -0.58400E+00 -0.22930E+04
      TROE centering:      0.73460E+00  0.94000E+02  0.17560E+04  0.51820E+04
         H2               Enhanced by    2.000E+00
         H2O              Enhanced by    6.000E+00
         CO               Enhanced by    1.750E+00
         CO2              Enhanced by    3.600E+00
         AR               Enhanced by    7.000E-01
  19. H+H+M<=>H2+M                                  1.78E+18   -1.0        0.0
         H2               Enhanced by    0.000E+00
         H2O              Enhanced by    0.000E+00
         CO2              Enhanced by    0.000E+00
         AR               Enhanced by    6.300E-01
  20. H+OH+M<=>H2O+M                                4.40E+22   -2.0        0.0
         H2               Enhanced by    2.000E+00
         H2O              Enhanced by    6.300E+00
         CO               Enhanced by    1.750E+00
         CO2              Enhanced by    3.600E+00
         AR               Enhanced by    3.800E-01
  21. O+O+M<=>O2+M                                  1.20E+17   -1.0        0.0
         H2               Enhanced by    2.400E+00
         H2O              Enhanced by    1.540E+01
         CO               Enhanced by    1.750E+00
         CO2              Enhanced by    3.600E+00
         AR               Enhanced by    8.300E-01
  22. H+H+H2<=>H2+H2                                9.00E+16   -0.6        0.0
  23. H+H+H2O<=>H2+H2O                              5.62E+19   -1.2        0.0
  24. H+H+CO2<=>H2+CO2                              5.50E+20   -2.0        0.0
  25. O+H+M<=>OH+M                                  9.43E+18   -1.0        0.0
         H2               Enhanced by    2.000E+00
         H2O              Enhanced by    1.200E+01
         CO               Enhanced by    1.750E+00
         CO2              Enhanced by    3.600E+00
         AR               Enhanced by    7.000E-01
  26. CO+OH<=>CO2+H                                 7.05E+04    2.1     -355.7
      Declared duplicate reaction...
  27. CO+OH<=>CO2+H                                 5.76E+12   -0.7      331.8
      Declared duplicate reaction...
  28. CO+HO2<=>CO2+OH                               1.57E+05    2.2    17942.6
  29. CO+O(+M)=CO2(+M)                              1.36E+10    0.0     2384.0
      Low pressure limit:  0.11730E+25 -0.27900E+01  0.41910E+04
         H2               Enhanced by    2.000E+00
         H2O              Enhanced by    1.200E+01
         CO               Enhanced by    1.750E+00
         CO2              Enhanced by    3.600E+00
         AR               Enhanced by    7.000E-01
  30. CO+O2<=>CO2+O                                 1.12E+12    0.0    47700.0
  31. HCO+M<=>CO+H+M                                1.87E+17   -1.0    17000.0
         H2               Enhanced by    2.000E+00
         H2O              Enhanced by    0.000E+00
         CO               Enhanced by    1.750E+00
         CO2              Enhanced by    3.600E+00
  32. HCO+H<=>CO+H2                                 1.20E+14    0.0        0.0
  33. HCO+O<=>CO+OH                                 3.00E+13    0.0        0.0
  34. HCO+O<=>CO2+H                                 3.00E+13    0.0        0.0
  35. HCO+OH<=>CO+H2O                               3.02E+13    0.0        0.0
  36. HCO+O2<=>CO+HO2                               1.20E+10    0.8     -727.0
  37. HCO+H2O<=>CO+H+H2O                            2.24E+18   -1.0    17000.0
  38. CO+H2(+M)<=>CH2O(+M)                          4.30E+07    1.5    79600.0
      Low pressure limit:  0.50700E+28 -0.34200E+01  0.84350E+05
      TROE centering:      0.93200E+00  0.19700E+03  0.15400E+04  0.10300E+05
         H2               Enhanced by    2.000E+00
         H2O              Enhanced by    6.000E+00
         CH4              Enhanced by    2.000E+00
         CO               Enhanced by    1.500E+00
         CO2              Enhanced by    2.000E+00
         C2H6             Enhanced by    3.000E+00
         AR               Enhanced by    7.000E-01
  39. HCO+H(+M)<=>CH2O(+M)                          1.09E+12    0.5     -260.0
      Low pressure limit:  0.13500E+25 -0.25700E+01  0.14250E+04
      TROE centering:      0.78240E+00  0.27100E+03  0.27550E+04  0.65700E+04
         H2               Enhanced by    2.000E+00
         H2O              Enhanced by    6.000E+00
         CH4              Enhanced by    2.000E+00
         CO               Enhanced by    1.500E+00
         CO2              Enhanced by    2.000E+00
         C2H6             Enhanced by    3.000E+00
         AR               Enhanced by    7.000E-01
  40. CH2+H(+M)<=>CH3(+M)                           2.50E+16   -0.8        0.0
      Low pressure limit:  0.32000E+28 -0.31400E+01  0.12300E+04
      TROE centering:      0.68000E+00  0.78000E+02  0.19950E+04  0.55900E+04
         H2               Enhanced by    2.000E+00
         H2O              Enhanced by    6.000E+00
         CH4              Enhanced by    2.000E+00
         CO               Enhanced by    1.500E+00
         CO2              Enhanced by    2.000E+00
         C2H6             Enhanced by    3.000E+00
         AR               Enhanced by    7.000E-01
  41. CH2+O<=>HCO+H                                 8.00E+13    0.0        0.0
  42. CH2+OH<=>CH2O+H                               2.00E+13    0.0        0.0
  43. CH2+H2<=>H+CH3                                5.00E+05    2.0     7230.0
  44. CH2+O2<=>HCO+OH                               1.06E+13    0.0     1500.0
  45. CH2+O2<=>CO2+H+H                              2.64E+12    0.0     1500.0
  46. CH2+HO2<=>CH2O+OH                             2.00E+13    0.0        0.0
  47. CH2+CH2<=>C2H2+H2                             3.20E+13    0.0        0.0
  48. CH2*+N2<=>CH2+N2                              1.50E+13    0.0      600.0
  49. CH2*+AR<=>CH2+AR                              9.00E+12    0.0      600.0
  50. CH2*+O<=>CO+H2                                1.50E+13    0.0        0.0
  51. CH2*+O<=>HCO+H                                1.50E+13    0.0        0.0
  52. CH2*+OH<=>CH2O+H                              3.00E+13    0.0        0.0
  53. CH2*+H2<=>CH3+H                               7.00E+13    0.0        0.0
  54. CH2*+O2<=>H+OH+CO                             2.80E+13    0.0        0.0
  55. CH2*+O2<=>CO+H2O                              1.20E+13    0.0        0.0
  56. CH2*+H2O<=>CH2+H2O                            3.00E+13    0.0        0.0
  57. CH2*+CO<=>CH2+CO                              9.00E+12    0.0        0.0
  58. CH2*+CO2<=>CH2+CO2                            7.00E+12    0.0        0.0
  59. CH2*+CO2<=>CH2O+CO                            1.40E+13    0.0        0.0
  60. CH2O+H(+M)<=>CH3O(+M)                         5.40E+11    0.5     2600.0
      Low pressure limit:  0.22000E+31 -0.48000E+01  0.55600E+04
      TROE centering:      0.75800E+00  0.94000E+02  0.15550E+04  0.42000E+04
         H2               Enhanced by    2.000E+00
         H2O              Enhanced by    6.000E+00
         CH4              Enhanced by    2.000E+00
         CO               Enhanced by    1.500E+00
         CO2              Enhanced by    2.000E+00
         C2H6             Enhanced by    3.000E+00
  61. CH2O+H<=>HCO+H2                               2.30E+10    1.1     3275.0
  62. CH2O+O<=>HCO+OH                               3.90E+13    0.0     3540.0
  63. CH2O+OH<=>HCO+H2O                             3.43E+09    1.2     -447.0
  64. CH2O+O2<=>HCO+HO2                             1.00E+14    0.0    40000.0
  65. CH2O+HO2<=>HCO+H2O2                           1.00E+12    0.0     8000.0
  66. CH3+H(+M)<=>CH4(+M)                           1.27E+16   -0.6      383.0
      Low pressure limit:  0.24770E+34 -0.47600E+01  0.24400E+04
      TROE centering:      0.78300E+00  0.74000E+02  0.29410E+04  0.69640E+04
         H2               Enhanced by    2.000E+00
         H2O              Enhanced by    6.000E+00
         CH4              Enhanced by    2.000E+00
         CO               Enhanced by    1.500E+00
         CO2              Enhanced by    2.000E+00
         C2H6             Enhanced by    3.000E+00
         AR               Enhanced by    7.000E-01
  67. CH3+O<=>CH2O+H                                8.43E+13    0.0        0.0
  68. CH3+OH<=>CH2+H2O                              5.60E+07    1.6     5420.0
  69. CH3+OH<=>CH2*+H2O                             2.50E+13    0.0        0.0
  70. CH3+O2<=>O+CH3O                               3.08E+13    0.0    28800.0
  71. CH3+O2<=>OH+CH2O                              3.60E+10    0.0     8940.0
  72. CH3+HO2<=>CH4+O2                              1.00E+12    0.0        0.0
  73. CH3+HO2<=>CH3O+OH                             1.34E+13    0.0        0.0
  74. CH3+H2O2<=>CH4+HO2                            2.45E+04    2.5     5180.0
  75. CH3+HCO<=>CH4+CO                              8.48E+12    0.0        0.0
  76. CH3+CH2O<=>CH4+HCO                            3.32E+03    2.8     5860.0
  77. CH3+CH2<=>C2H4+H                              4.00E+13    0.0        0.0
  78. CH3+CH2*<=>C2H4+H                             1.20E+13    0.0     -570.0
  79. CH3+CH3(+M)<=>C2H6(+M)                        2.12E+16   -1.0      620.0
      Low pressure limit:  0.17700E+51 -0.96700E+01  0.62200E+04
      TROE centering:      0.53250E+00  0.15100E+03  0.10380E+04  0.49700E+04
         H2               Enhanced by    2.000E+00
         H2O              Enhanced by    6.000E+00
         CH4              Enhanced by    2.000E+00
         CO               Enhanced by    1.500E+00
         CO2              Enhanced by    2.000E+00
         C2H6             Enhanced by    3.000E+00
         AR               Enhanced by    7.000E-01
  80. CH3+CH3<=>H+C2H5                              4.99E+12    0.1    10600.0
  81. CH3O+H<=>CH2O+H2                              2.00E+13    0.0        0.0
  82. CH3O+H<=>CH3+OH                               3.20E+13    0.0        0.0
  83. CH3O+H<=>CH2*+H2O                             1.60E+13    0.0        0.0
  84. CH3O+O<=>CH2O+OH                              1.00E+13    0.0        0.0
  85. CH3O+OH<=>CH2O+H2O                            5.00E+12    0.0        0.0
  86. CH3O+O2<=>CH2O+HO2                            4.28E-13    7.6    -3530.0
  87. CH4+H<=>CH3+H2                                6.60E+08    1.6    10840.0
  88. CH4+O<=>CH3+OH                                1.02E+09    1.5     8600.0
  89. CH4+OH<=>CH3+H2O                              1.00E+08    1.6     3120.0
  90. CH4+CH2<=>CH3+CH3                             2.46E+06    2.0     8270.0
  91. CH4+CH2*<=>CH3+CH3                            1.60E+13    0.0     -570.0
  92. C2H3(+M)<=>C2H2+H(+M)                         3.86E+07    1.6    37048.2
      Low pressure limit:  0.25650E+28 -0.34000E+01  0.35799E+05
      TROE centering:      0.19816E+01  0.53837E+04  0.42932E+01 -0.79500E-01
         H2               Enhanced by    2.000E+00
         H2O              Enhanced by    6.000E+00
         CH4              Enhanced by    2.000E+00
         CO               Enhanced by    1.500E+00
         CO2              Enhanced by    2.000E+00
         C2H6             Enhanced by    3.000E+00
         AR               Enhanced by    7.000E-01
         C2H2             Enhanced by    3.000E+00
         C2H4             Enhanced by    3.000E+00
  93. C2H2+O<=>CH2+CO                               4.08E+06    2.0     1900.0
  94. C2H2+OH<=>CH3+CO                              4.83E-04    4.0    -2000.0
  95. C2H2+HCO<=>C2H3+CO                            1.00E+07    2.0     6000.0
  96. C2H2+CH3<=>aC3H5                              2.68E+53  -12.8    35730.0
  97. C2H3+H(+M)<=>C2H4(+M)                         6.08E+12    0.3      280.0
      Low pressure limit:  0.14000E+31 -0.38600E+01  0.33200E+04
      TROE centering:      0.78200E+00  0.20750E+03  0.26630E+04  0.60950E+04
         H2               Enhanced by    2.000E+00
         H2O              Enhanced by    6.000E+00
         CH4              Enhanced by    2.000E+00
         CO               Enhanced by    1.500E+00
         CO2              Enhanced by    2.000E+00
         C2H6             Enhanced by    3.000E+00
         AR               Enhanced by    7.000E-01
         C2H2             Enhanced by    3.000E+00
         C2H4             Enhanced by    3.000E+00
  98. C2H3+H<=>C2H2+H2                              9.00E+13    0.0        0.0
  99. C2H3+O<=>CH3+CO                               4.80E+13    0.0        0.0
 100. C2H3+OH<=>C2H2+H2O                            3.01E+13    0.0        0.0
 101. C2H3+O2<=>C2H2+HO2                            1.34E+06    1.6     -383.4
 102. C2H3+O2<=>CH2CHO+O                            3.00E+11    0.3       11.0
 103. C2H3+O2<=>HCO+CH2O                            4.60E+16   -1.4     1010.0
 104. C2H3+HO2<=>CH2CHO+OH                          1.00E+13    0.0        0.0
 105. C2H3+H2O2<=>C2H4+HO2                          1.21E+10    0.0     -596.0
 106. C2H3+HCO<=>C2H4+CO                            9.03E+13    0.0        0.0
 107. C2H3+HCO<=>C2H3CHO                            1.80E+13    0.0        0.0
 108. C2H3+CH3<=>C2H2+CH4                           3.92E+11    0.0        0.0
 109. C2H3+CH3(+M)<=>C3H6(+M)                       2.50E+13    0.0        0.0
      Low pressure limit:  0.42700E+59 -0.11940E+02  0.97698E+04
      TROE centering:      0.17500E+00  0.13406E+04  0.60000E+05  0.10140E+05
         H2               Enhanced by    2.000E+00
         H2O              Enhanced by    6.000E+00
         CH4              Enhanced by    2.000E+00
         CO               Enhanced by    1.500E+00
         CO2              Enhanced by    2.000E+00
         C2H6             Enhanced by    3.000E+00
         AR               Enhanced by    7.000E-01
         C2H2             Enhanced by    3.000E+00
         C2H4             Enhanced by    3.000E+00
 110. C2H3+CH3<=>aC3H5+H                            1.50E+24   -2.8    18618.0
 111. C2H3+C2H3<=>C2H2+C2H4                         9.60E+11    0.0        0.0
 112. CH2CHO<=>CH3+CO                               7.80E+41   -9.1    46900.0
 113. CH2CHO+H<=>CH3+HCO                            9.00E+13    0.0        0.0
 114. CH2CHO+O2<=>CH2O+CO+OH                        1.80E+10    0.0        0.0
 115. C2H4+H(+M)<=>C2H5(+M)                         3.98E+09    1.3     1290.6
      Low pressure limit:  0.47150E+19  0.00000E+00  0.75526E+03
      TROE centering:      0.76000E+00  0.40000E+02  0.10250E+04
         H2               Enhanced by    2.000E+00
         H2O              Enhanced by    6.000E+00
         CH4              Enhanced by    2.000E+00
         CO               Enhanced by    1.500E+00
         CO2              Enhanced by    2.000E+00
         C2H6             Enhanced by    3.000E+00
         AR               Enhanced by    7.000E-01
 116. C2H4+H<=>C2H3+H2                              5.07E+07    1.9    12950.0
 117. C2H4+O<=>C2H3+OH                              1.51E+07    1.9     3740.0
 118. C2H4+O<=>CH3+HCO                              1.92E+07    1.8      220.0
 119. C2H4+O<=>CH2+CH2O                             3.84E+05    1.8      220.0
 120. C2H4+OH<=>C2H3+H2O                            3.60E+06    2.0     2500.0
 121. C2H4+HCO<=>C2H5+CO                            1.00E+07    2.0     8000.0
 122. C2H4+CH2<=>aC3H5+H                            2.00E+13    0.0     6000.0
 123. C2H4+CH2*<=>aC3H5+H                           5.00E+13    0.0        0.0
 124. C2H4+CH3<=>C2H3+CH4                           2.27E+05    2.0     9200.0
 125. nC3H7<=>CH3+C2H4                              9.60E+13    0.0    31022.9
 126. C2H4+O2<=>C2H3+HO2                            4.22E+13    0.0    60800.0
 127. C2H4+C2H3<=>C4H7                              7.93E+38   -8.5    14220.0
 128. C2H5+H(+M)<=>C2H6(+M)                         5.21E+17   -1.0     1580.0
      Low pressure limit:  0.19900E+42 -0.70800E+01  0.66850E+04
      TROE centering:      0.84220E+00  0.12500E+03  0.22190E+04  0.68820E+04
         H2               Enhanced by    2.000E+00
         H2O              Enhanced by    6.000E+00
         CH4              Enhanced by    2.000E+00
         CO               Enhanced by    1.500E+00
         CO2              Enhanced by    2.000E+00
         C2H6             Enhanced by    3.000E+00
         AR               Enhanced by    7.000E-01
 129. C2H5+H<=>C2H4+H2                              2.00E+12    0.0        0.0
 130. C2H5+O<=>CH3+CH2O                             1.60E+13    0.0        0.0
 131. C2H5+O2<=>C2H4+HO2                            2.00E+10    0.0        0.0
 132. C2H5+HO2<=>C2H6+O2                            3.00E+11    0.0        0.0
 133. C2H5+HO2<=>C2H4+H2O2                          3.00E+11    0.0        0.0
 134. C2H5+HO2<=>CH3+CH2O+OH                        2.40E+13    0.0        0.0
 135. C2H5+H2O2<=>C2H6+HO2                          8.70E+09    0.0      974.0
 136. C2H5+C2H3(+M)<=>C4H81(+M)                     1.50E+13    0.0        0.0
      Low pressure limit:  0.15500E+57 -0.11790E+02  0.89845E+04
      TROE centering:      0.19800E+00  0.22779E+04  0.60000E+05  0.57232E+04
         H2               Enhanced by    2.000E+00
         H2O              Enhanced by    6.000E+00
         CH4              Enhanced by    2.000E+00
         CO               Enhanced by    1.500E+00
         CO2              Enhanced by    2.000E+00
         C2H6             Enhanced by    3.000E+00
         AR               Enhanced by    7.000E-01
 137. C2H5+C2H3<=>aC3H5+CH3                         3.90E+32   -5.2    19747.0
 138. C2H6+H<=>C2H5+H2                              1.15E+08    1.9     7530.0
 139. C2H6+O<=>C2H5+OH                              8.98E+07    1.9     5690.0
 140. C2H6+OH<=>C2H5+H2O                            3.54E+06    2.1      870.0
 141. C2H6+CH2*<=>C2H5+CH3                          4.00E+13    0.0     -550.0
 142. C2H6+CH3<=>C2H5+CH4                           6.14E+06    1.7    10450.0
 143. aC3H5+H(+M)<=>C3H6(+M)                        2.00E+14    0.0        0.0
      Low pressure limit:  0.13300E+61 -0.12000E+02  0.59678E+04
      TROE centering:      0.20000E-01  0.10966E+04  0.10966E+04  0.68595E+04
         H2               Enhanced by    2.000E+00
         H2O              Enhanced by    6.000E+00
         CH4              Enhanced by    2.000E+00
         CO               Enhanced by    1.500E+00
         CO2              Enhanced by    2.000E+00
         C2H6             Enhanced by    3.000E+00
         AR               Enhanced by    7.000E-01
 144. aC3H5+O<=>C2H3CHO+H                           6.00E+13    0.0        0.0
 145. aC3H5+OH<=>C2H3CHO+H+H                        4.20E+32   -5.2    30126.0
 146. aC3H5+O2<=>C2H3CHO+OH                         1.82E+13   -0.4    22859.0
 147. aC3H5+HO2<=>C3H6+O2                           2.66E+12    0.0        0.0
 148. aC3H5+HO2<=>OH+C2H3+CH2O                      6.60E+12    0.0        0.0
 149. aC3H5+HCO<=>C3H6+CO                           6.00E+13    0.0        0.0
 150. aC3H5+CH3(+M)<=>C4H81(+M)                     1.00E+14   -0.3     -262.3
      Low pressure limit:  0.39100E+61 -0.12810E+02  0.62500E+04
      TROE centering:      0.10400E+00  0.16060E+04  0.60000E+05  0.61184E+04
         H2               Enhanced by    2.000E+00
         H2O              Enhanced by    6.000E+00
         CH4              Enhanced by    2.000E+00
         CO               Enhanced by    1.500E+00
         CO2              Enhanced by    2.000E+00
         C2H6             Enhanced by    3.000E+00
         AR               Enhanced by    7.000E-01
 151. C3H6+H(+M)<=>nC3H7(+M)                        1.33E+13    0.0     3260.7
      Low pressure limit:  0.62600E+39 -0.66600E+01  0.70000E+04
      TROE centering:      0.10000E+01  0.10000E+04  0.13100E+04  0.48097E+05
         H2               Enhanced by    2.000E+00
         H2O              Enhanced by    6.000E+00
         CH4              Enhanced by    2.000E+00
         CO               Enhanced by    1.500E+00
         CO2              Enhanced by    2.000E+00
         C2H6             Enhanced by    3.000E+00
         AR               Enhanced by    7.000E-01
 152. C3H6+H<=>C2H4+CH3                             8.00E+21   -2.4    11180.0
 153. C3H6+H<=>aC3H5+H2                             1.73E+05    2.5     2490.0
 154. C3H6+O<=>C2H3CHO+H+H                          4.00E+07    1.6      327.0
 155. C3H6+O<=>C2H5+HCO                             3.50E+07    1.6     -972.0
 156. C3H6+O<=>aC3H5+OH                             1.80E+11    0.7     5880.0
 157. C3H6+OH<=>aC3H5+H2O                           3.10E+06    2.0     -298.0
 158. C3H6+HO2<=>aC3H5+H2O2                         9.60E+03    2.6    13910.0
 159. C3H6+CH3<=>aC3H5+CH4                          2.20E+00    3.5     5675.0
 160. C2H3CHO+H<=>C2H4+HCO                          1.08E+11    0.5     5820.0
 161. C2H3CHO+O<=>C2H3+OH+CO                        3.00E+13    0.0     3540.0
 162. C2H3CHO+OH<=>C2H3+H2O+CO                      3.43E+09    1.2     -447.0
 163. nC3H7+H<=>C2H5+CH3                            3.70E+24   -2.9    12505.0
 164. nC3H7+H<=>C3H6+H2                             1.80E+12    0.0        0.0
 165. nC3H7+O<=>C2H5+CH2O                           9.60E+13    0.0        0.0
 166. nC3H7+OH<=>C3H6+H2O                           2.40E+13    0.0        0.0
 167. nC3H7+O2<=>C3H6+HO2                           9.00E+10    0.0        0.0
 168. nC3H7+HO2<=>C2H5+OH+CH2O                      2.40E+13    0.0        0.0
 169. nC3H7+CH3<=>CH4+C3H6                          1.10E+13    0.0        0.0
 170. C4H7+H(+M)<=>C4H81(+M)                        3.60E+13    0.0        0.0
      Low pressure limit:  0.30100E+49 -0.93200E+01  0.58336E+04
      TROE centering:      0.49800E+00  0.13140E+04  0.13140E+04  0.50000E+05
         H2               Enhanced by    2.000E+00
         H2O              Enhanced by    6.000E+00
         CH4              Enhanced by    2.000E+00
         CO               Enhanced by    1.500E+00
         CO2              Enhanced by    2.000E+00
         C2H6             Enhanced by    3.000E+00
         AR               Enhanced by    7.000E-01
 171. C4H7+H<=>CH3+aC3H5                            2.00E+21   -2.0    11000.0
 172. C4H7+HO2<=>CH2O+OH+aC3H5                      2.40E+13    0.0        0.0
 173. C4H7+HCO<=>C4H81+CO                           6.00E+13    0.0        0.0
 174. C4H81+H(+M)<=>pC4H9(+M)                       1.33E+13    0.0     3260.7
      Low pressure limit:  0.62600E+39 -0.66600E+01  0.70000E+04
      TROE centering:      0.10000E+01  0.10000E+04  0.13100E+04  0.48097E+05
         H2               Enhanced by    2.000E+00
         H2O              Enhanced by    6.000E+00
         CH4              Enhanced by    2.000E+00
         CO               Enhanced by    1.500E+00
         CO2              Enhanced by    2.000E+00
         C2H6             Enhanced by    3.000E+00
         AR               Enhanced by    7.000E-01
 175. C4H81+H<=>C2H4+C2H5                           1.60E+22   -2.4    11180.0
 176. C4H81+H<=>C3H6+CH3                            3.20E+22   -2.4    11180.0
 177. C4H81+H<=>C4H7+H2                             6.50E+05    2.5     6756.0
 178. C4H81+O<=>nC3H7+HCO                           3.30E+08    1.4     -402.0
 179. C4H81+O<=>C4H7+OH                             1.50E+13    0.0     5760.0
      Declared duplicate reaction...
 180. C4H81+O<=>C4H7+OH                             2.60E+13    0.0     4470.0
      Declared duplicate reaction...
 181. C4H81+OH<=>C4H7+H2O                           7.00E+02    2.7      527.0
 182. C4H81+O2<=>C4H7+HO2                           2.00E+13    0.0    50930.0
 183. C4H81+HO2<=>C4H7+H2O2                         1.00E+12    0.0    14340.0
 184. C4H81+CH3<=>C4H7+CH4                          4.50E-01    3.6     7153.0
 185. pC4H9+H<=>C2H5+C2H5                           3.70E+24   -2.9    12505.0
 186. pC4H9+H<=>C4H81+H2                            1.80E+12    0.0        0.0
 187. pC4H9+O<=>nC3H7+CH2O                          9.60E+13    0.0        0.0
 188. pC4H9+OH<=>C4H81+H2O                          2.40E+13    0.0        0.0
 189. pC4H9+O2<=>C4H81+HO2                          2.70E+11    0.0        0.0
 190. pC4H9+HO2<=>nC3H7+OH+CH2O                     2.40E+13    0.0        0.0
 191. pC4H9+CH3<=>C4H81+CH4                         1.10E+13    0.0        0.0
 192. C5H9=>aC3H5+C2H4                              2.50E+13    0.0    30019.1
 193. C5H9=>C2H3+C3H6                               2.50E+13    0.0    30019.1
 194. C5H10+H(+M)<=>PXC5H11(+M)                     1.33E+13    0.0     3260.7
      Low pressure limit:  0.62600E+39 -0.66600E+01  0.70000E+04
      TROE centering:      0.10000E+01  0.10000E+04  0.13100E+04  0.48097E+05
         H2               Enhanced by    2.000E+00
         H2O              Enhanced by    6.000E+00
         CH4              Enhanced by    2.000E+00
         CO               Enhanced by    1.500E+00
         CO2              Enhanced by    2.000E+00
         C2H6             Enhanced by    3.000E+00
         AR               Enhanced by    7.000E-01
 195. C5H10+H<=>C2H4+nC3H7                          8.00E+21   -2.4    11180.0
 196. C5H10+H<=>C3H6+C2H5                           1.60E+22   -2.4    11180.0
 197. C2H4+nC3H7<=>PXC5H11                          3.00E+11    0.0     7300.0
 198. C6H12+H(+M)<=>PXC6H13(+M)                     1.33E+13    0.0     3260.7
      Low pressure limit:  0.62600E+39 -0.66600E+01  0.70000E+04
      TROE centering:      0.10000E+01  0.10000E+04  0.13100E+04  0.48097E+05
         H2               Enhanced by    2.000E+00
         H2O              Enhanced by    6.000E+00
         CH4              Enhanced by    2.000E+00
         CO               Enhanced by    1.500E+00
         CO2              Enhanced by    2.000E+00
         C2H6             Enhanced by    3.000E+00
         AR               Enhanced by    7.000E-01
 199. C6H12+H<=>C2H4+pC4H9                          8.00E+21   -2.4    11180.0
 200. C6H12+H<=>C3H6+nC3H7                          1.60E+22   -2.4    11180.0
 201. C2H4+pC4H9<=>PXC6H13                          3.00E+11    0.0     7300.0
 202. C7H14+H(+M)<=>PXC7H15(+M)                     1.33E+13    0.0     3260.7
      Low pressure limit:  0.62600E+39 -0.66600E+01  0.70000E+04
      TROE centering:      0.10000E+01  0.10000E+04  0.13100E+04  0.48097E+05
         H2               Enhanced by    2.000E+00
         H2O              Enhanced by    6.000E+00
         CH4              Enhanced by    2.000E+00
         CO               Enhanced by    1.500E+00
         CO2              Enhanced by    2.000E+00
         C2H6             Enhanced by    3.000E+00
         AR               Enhanced by    7.000E-01
 203. C7H14+H<=>C2H4+PXC5H11                        8.00E+21   -2.4    11180.0
 204. C7H14+H<=>C3H6+pC4H9                          1.60E+22   -2.4    11180.0
 205. C2H4+PXC5H11<=>PXC7H15                        3.00E+11    0.0     7300.0
 206. C8H16+H(+M)<=>PXC8H17(+M)                     1.33E+13    0.0     3260.7
      Low pressure limit:  0.62600E+39 -0.66600E+01  0.70000E+04
      TROE centering:      0.10000E+01  0.10000E+04  0.13100E+04  0.48097E+05
         H2               Enhanced by    2.000E+00
         H2O              Enhanced by    6.000E+00
         CH4              Enhanced by    2.000E+00
         CO               Enhanced by    1.500E+00
         CO2              Enhanced by    2.000E+00
         C2H6             Enhanced by    3.000E+00
         AR               Enhanced by    7.000E-01
 207. C8H16+H<=>C2H4+PXC6H13                        8.00E+21   -2.4    11180.0
 208. C8H16+H<=>C3H6+PXC5H11                        1.60E+22   -2.4    11180.0
 209. C2H4+PXC6H13<=>PXC8H17                        3.00E+11    0.0     7300.0
 210. C9H18+H(+M)<=>PXC9H19(+M)                     1.33E+13    0.0     3260.7
      Low pressure limit:  0.62600E+39 -0.66600E+01  0.70000E+04
      TROE centering:      0.10000E+01  0.10000E+04  0.13100E+04  0.48097E+05
         H2               Enhanced by    2.000E+00
         H2O              Enhanced by    6.000E+00
         CH4              Enhanced by    2.000E+00
         CO               Enhanced by    1.500E+00
         CO2              Enhanced by    2.000E+00
         C2H6             Enhanced by    3.000E+00
         AR               Enhanced by    7.000E-01
 211. C9H18+H<=>C2H4+PXC7H15                        8.00E+21   -2.4    11180.0
 212. C9H18+H<=>C3H6+PXC6H13                        1.60E+22   -2.4    11180.0
 213. C2H4+PXC7H15<=>PXC9H19                        3.00E+11    0.0     7300.0
 214. C10H20+H(+M)<=>PXC10H21(+M)                   1.33E+13    0.0     3260.7
      Low pressure limit:  0.62600E+39 -0.66600E+01  0.70000E+04
      TROE centering:      0.10000E+01  0.10000E+04  0.13100E+04  0.48097E+05
         H2               Enhanced by    2.000E+00
         H2O              Enhanced by    6.000E+00
         CH4              Enhanced by    2.000E+00
         CO               Enhanced by    1.500E+00
         CO2              Enhanced by    2.000E+00
         C2H6             Enhanced by    3.000E+00
         AR               Enhanced by    7.000E-01
 215. C10H20+H<=>C2H4+PXC8H17                       8.00E+21   -2.4    11180.0
 216. C10H20+H<=>C3H6+PXC7H15                       1.60E+22   -2.4    11180.0
 217. C2H4+PXC8H17<=>PXC10H21                       3.00E+11    0.0     7300.0
 218. C12H24<=>PXC7H15+C5H9                         3.50E+16    0.0    70936.9
 219. C2H4+PXC10H21<=>PXC12H25                      3.00E+11    0.0     7300.0
 220. PXC12H25<=>S3XC12H25                          3.67E+12   -0.6    14400.0
 221. C3H6+PXC9H19<=>SXC12H25                       3.00E+11    0.0     7300.0
 222. C4H81+PXC8H17<=>SXC12H25                      3.00E+11    0.0     7300.0
 223. C5H10+PXC7H15<=>S3XC12H25                     3.00E+11    0.0     7300.0
 224. C10H20+C2H5<=>S3XC12H25                       3.00E+11    0.0     7300.0
 225. C6H12+PXC6H13<=>S3XC12H25                     3.00E+11    0.0     7300.0
 226. C9H18+nC3H7<=>S3XC12H25                       3.00E+11    0.0     7300.0
 227. C7H14+PXC5H11<=>S3XC12H25                     3.00E+11    0.0     7300.0
 228. C8H16+pC4H9<=>S3XC12H25                       3.00E+11    0.0     7300.0
 229. PXC10H21+C2H5<=>NC12H26                       1.88E+14   -0.5        0.0
 230. PXC9H19+nC3H7<=>NC12H26                       1.88E+14   -0.5        0.0
 231. PXC8H17+pC4H9<=>NC12H26                       1.88E+14   -0.5        0.0
 232. PXC7H15+PXC5H11<=>NC12H26                     1.88E+14   -0.5        0.0
 233. PXC6H13+PXC6H13<=>NC12H26                     1.88E+14   -0.5        0.0
 234. NC12H26+H<=>PXC12H25+H2                       1.30E+06    2.5     6756.0
 235. NC12H26+H<=>SXC12H25+H2                       2.60E+06    2.4     4471.0
 236. NC12H26+H<=>S3XC12H25+H2                      3.90E+06    2.4     4471.0
 237. NC12H26+O<=>PXC12H25+OH                       1.90E+05    2.7     3716.0
 238. NC12H26+O<=>SXC12H25+OH                       9.52E+04    2.7     2106.0
 239. NC12H26+O<=>S3XC12H25+OH                      1.43E+05    2.7     2106.0
 240. NC12H26+OH<=>PXC12H25+H2O                     3.40E+03    2.7      527.0
 241. NC12H26+OH<=>SXC12H25+H2O                     7.40E+04    2.4      393.0
 242. NC12H26+OH<=>S3XC12H25+H2O                    1.01E+05    2.4      393.0
 243. NC12H26+O2<=>PXC12H25+HO2                     4.00E+13    0.0    50930.0
 244. NC12H26+O2<=>SXC12H25+HO2                     8.00E+13    0.0    47590.0
 245. NC12H26+O2<=>S3XC12H25+HO2                    1.20E+14    0.0    47590.0
 246. NC12H26+HO2<=>PXC12H25+H2O2                   6.76E+04    2.5    16490.0
 247. NC12H26+HO2<=>SXC12H25+H2O2                   8.90E+04    2.6    13910.0
 248. NC12H26+HO2<=>S3XC12H25+H2O2                  8.85E+04    2.6    13910.0
 249. NC12H26+CH3<=>PXC12H25+CH4                    1.81E+00    3.6     7153.0
 250. NC12H26+CH3<=>SXC12H25+CH4                    6.00E+00    3.5     5480.0
 251. NC12H26+CH3<=>S3XC12H25+CH4                   9.00E+00    3.5     5480.0
 252. PXC12H25+O2=>C12H25O2                         5.00E+13    0.0        0.0
 253. C12H25O2=>PXC12H25+O2                         2.75E+13    0.0    27400.0
 254. SXC12H25+O2=>C12H25O2                         5.00E+13    0.0        0.0
 255. C12H25O2=>SXC12H25+O2                         2.75E+13    0.0    27400.0
 256. S3XC12H25+O2=>C12H25O2                        5.00E+13    0.0        0.0
 257. C12H25O2=>S3XC12H25+O2                        2.75E+13    0.0    27400.0
 258. C12H25O2=>C12OOH                              1.51E+12    0.0    19000.0
 259. C12OOH=>C12H25O2                              1.00E+11    0.0    11500.0
 260. PXC12H25+O2=>C12H24+HO2                       3.50E+11    0.0     6000.0
 261. C12H24+HO2=>PXC12H25+O2                       3.16E+11    0.0    19500.0
 262. SXC12H25+O2=>C12H24+HO2                       3.50E+11    0.0     6000.0
 263. C12H24+HO2=>SXC12H25+O2                       3.16E+11    0.0    19500.0
 264. S3XC12H25+O2=>C12H24+HO2                      3.50E+11    0.0     6000.0
 265. C12H24+HO2=>S3XC12H25+O2                      3.16E+11    0.0    19500.0
 266. C12OOH+O2=>O2C12H24OOH                        4.60E+10    0.0        0.0
 267. O2C12H24OOH=>C12OOH+O2                        2.51E+13    0.0    27400.0
 268. O2C12H24OOH<=>OC12H23OOH+OH                   8.90E+10    0.0    17000.0
 269. OC12H23OOH=>3C2H4+C2H5+2CH2CHO+OH             1.80E+15    0.0    42065.0

  NOTE:  A units mole-cm-sec-K, E units cal/mole



 NO ERRORS FOUND ON INPUT...CHEMKIN LINKING FILE WRITTEN.

 WORKING SPACE REQUIREMENTS ARE
    INTEGER:     6035
    REAL:        4714
    CHARACTER:     59
